<?xml version="1.0" encoding="UTF-8"?>
<!-- Generated by org.testng.reporters.JUnitReportReporter -->
<testsuite skipped="0" hostname="ip-172-31-86-173" name="restAPI.GetRequest" tests="1" failures="0" timestamp="02 Dec 2021 05:29:12 GMT" time="1.308" errors="0">
  <testcase name="GetCall" time="1.308" classname="restAPI.GetRequest"/>
</testsuite> <!-- restAPI.GetRequest -->
