<?xml version="1.0" encoding="UTF-8"?>
<!-- Generated by org.testng.reporters.JUnitReportReporter -->
<testsuite skipped="0" hostname="ip-172-31-86-173" name="restAPI.PostRequestWithMap" tests="1" failures="0" timestamp="02 Dec 2021 05:30:10 GMT" time="1.356" errors="0">
  <testcase name="PostCall" time="1.356" classname="restAPI.PostRequestWithMap"/>
</testsuite> <!-- restAPI.PostRequestWithMap -->
