<?xml version="1.0" encoding="UTF-8"?>
<!-- Generated by org.testng.reporters.JUnitReportReporter -->
<testsuite skipped="0" hostname="ip-172-31-86-173" name="restAPIBDD.GetRequest" tests="1" failures="0" timestamp="03 Dec 2021 03:47:04 GMT" time="1.722" errors="0">
  <testcase name="Getcall" time="1.722" classname="restAPIBDD.GetRequest"/>
</testsuite> <!-- restAPIBDD.GetRequest -->
