<?xml version="1.0" encoding="UTF-8"?>
<!-- Generated by org.testng.reporters.JUnitReportReporter -->
<testsuite skipped="0" hostname="ip-172-31-86-173" name="restAPIBDD.PutRequest" tests="1" failures="0" timestamp="03 Dec 2021 04:09:52 GMT" time="1.325" errors="0">
  <testcase name="PutCall" time="1.325" classname="restAPIBDD.PutRequest"/>
</testsuite> <!-- restAPIBDD.PutRequest -->
