<?xml version="1.0" encoding="UTF-8"?>
<!-- Generated by org.testng.reporters.JUnitReportReporter -->
<testsuite skipped="0" hostname="ip-172-31-86-173" name="restAPIBDD.DeleteRequest" tests="1" failures="0" timestamp="03 Dec 2021 04:14:21 GMT" time="1.086" errors="0">
  <testcase name="Deletecall" time="1.086" classname="restAPIBDD.DeleteRequest"/>
</testsuite> <!-- restAPIBDD.DeleteRequest -->
