<?xml version="1.0" encoding="UTF-8"?>
<!-- Generated by org.testng.reporters.JUnitReportReporter -->
<testsuite skipped="0" hostname="ip-172-31-86-173" name="restAPI.DeleteRequest" tests="1" failures="0" timestamp="02 Dec 2021 05:25:41 GMT" time="0.960" errors="0">
  <testcase name="DeleteCall" time="0.960" classname="restAPI.DeleteRequest"/>
</testsuite> <!-- restAPI.DeleteRequest -->
