<?xml version="1.0" encoding="UTF-8"?>
<!-- Generated by org.testng.reporters.JUnitReportReporter -->
<testsuite skipped="0" hostname="ip-172-31-86-173" name="restAPIBDD.PostRequest" tests="1" failures="0" timestamp="03 Dec 2021 03:56:50 GMT" time="1.495" errors="0">
  <testcase name="PostCall" time="1.495" classname="restAPIBDD.PostRequest"/>
</testsuite> <!-- restAPIBDD.PostRequest -->
