<?xml version="1.0" encoding="UTF-8"?>
<!-- Generated by org.testng.reporters.JUnitReportReporter -->
<testsuite skipped="0" hostname="ip-172-31-86-173" name="restAPIChaining.EndToEndTest" tests="1" failures="0" timestamp="03 Dec 2021 02:53:58 GMT" time="1.831" errors="0">
  <testcase name="test1" time="1.831" classname="restAPIChaining.EndToEndTest"/>
</testsuite> <!-- restAPIChaining.EndToEndTest -->
